1560137370883	mozrunner::runner	INFO	Running command: "/usr/bin/firefox" "-marionette" "-headless" "-foreground" "-no-remote" "-profile" "/tmp/rust_mozprofile.rYayfqu8Zikg"
*** You are running in headless mode.
1560137373412	addons.webextension.screenshots@mozilla.org	WARN	Loading extension 'screenshots@mozilla.org': Reading manifest: Invalid extension permission: mozillaAddons
1560137373413	addons.webextension.screenshots@mozilla.org	WARN	Loading extension 'screenshots@mozilla.org': Reading manifest: Invalid extension permission: resource://pdf.js/
1560137373413	addons.webextension.screenshots@mozilla.org	WARN	Loading extension 'screenshots@mozilla.org': Reading manifest: Invalid extension permission: about:reader*
1560137380973	Marionette	INFO	Listening on port 43275
1560137381063	Marionette	WARN	TLS certificate errors will be ignored for this session
JavaScript warning: http://loterias.caixa.gov.br/InstitucionalTema/themes/static/js/jquery-1.9.1.min.js, line 2: Using //@ to indicate sourceMappingURL pragmas is deprecated. Use //# instead
JavaScript warning: http://loterias.caixa.gov.br/InstitucionalTema/themes/static/js/rybena-1.0.js, line 0: Successfully compiled asm.js code (total compilation time 491ms)
JavaScript warning: http://loterias.caixa.gov.br/InstitucionalTema/themes/static/js/rybenaDOMFull-1.5.js, line 242: Error: WebGL warning: <SetDimensions>: Can't use WebGL in headless mode (https://bugzil.la/1375585).
JavaScript warning: http://loterias.caixa.gov.br/InstitucionalTema/themes/static/js/rybenaDOMFull-1.5.js, line 242: Error: WebGL warning: <SetDimensions>: Failed to create WebGL context: WebGL creation failed: 
* Can't use WebGL in headless mode (https://bugzil.la/1375585).
JavaScript warning: http://loterias.caixa.gov.br/InstitucionalTema/themes/static/js/rybenaDOMFull-1.5.js, line 243: Error: WebGL warning: <SetDimensions>: Can't use WebGL in headless mode (https://bugzil.la/1375585).
JavaScript warning: http://loterias.caixa.gov.br/InstitucionalTema/themes/static/js/rybenaDOMFull-1.5.js, line 243: Error: WebGL warning: <SetDimensions>: Failed to create WebGL context: WebGL creation failed: 
* Can't use WebGL in headless mode (https://bugzil.la/1375585).
1560137391221	Marionette	INFO	Stopped listening on port 43275
1560138886463	mozrunner::runner	INFO	Running command: "/usr/bin/firefox" "-marionette" "-headless" "-foreground" "-no-remote" "-profile" "/tmp/rust_mozprofile.TKGwyXY3QPkt"
*** You are running in headless mode.
1560138887922	addons.webextension.screenshots@mozilla.org	WARN	Loading extension 'screenshots@mozilla.org': Reading manifest: Invalid extension permission: mozillaAddons
1560138887927	addons.webextension.screenshots@mozilla.org	WARN	Loading extension 'screenshots@mozilla.org': Reading manifest: Invalid extension permission: resource://pdf.js/
1560138887927	addons.webextension.screenshots@mozilla.org	WARN	Loading extension 'screenshots@mozilla.org': Reading manifest: Invalid extension permission: about:reader*
1560138894263	Marionette	INFO	Listening on port 32985
1560138895343	Marionette	WARN	TLS certificate errors will be ignored for this session
JavaScript warning: http://loterias.caixa.gov.br/InstitucionalTema/themes/static/js/jquery-1.9.1.min.js, line 2: Using //@ to indicate sourceMappingURL pragmas is deprecated. Use //# instead
JavaScript warning: http://loterias.caixa.gov.br/InstitucionalTema/themes/static/js/rybena-1.0.js, line 0: Successfully compiled asm.js code (total compilation time 397ms)
JavaScript warning: http://loterias.caixa.gov.br/InstitucionalTema/themes/static/js/rybenaDOMFull-1.5.js, line 242: Error: WebGL warning: <SetDimensions>: Can't use WebGL in headless mode (https://bugzil.la/1375585).
JavaScript warning: http://loterias.caixa.gov.br/InstitucionalTema/themes/static/js/rybenaDOMFull-1.5.js, line 242: Error: WebGL warning: <SetDimensions>: Failed to create WebGL context: WebGL creation failed: 
* Can't use WebGL in headless mode (https://bugzil.la/1375585).
JavaScript warning: http://loterias.caixa.gov.br/InstitucionalTema/themes/static/js/rybenaDOMFull-1.5.js, line 243: Error: WebGL warning: <SetDimensions>: Can't use WebGL in headless mode (https://bugzil.la/1375585).
JavaScript warning: http://loterias.caixa.gov.br/InstitucionalTema/themes/static/js/rybenaDOMFull-1.5.js, line 243: Error: WebGL warning: <SetDimensions>: Failed to create WebGL context: WebGL creation failed: 
* Can't use WebGL in headless mode (https://bugzil.la/1375585).
1560138904695	Marionette	INFO	Stopped listening on port 32985
1560139326032	mozrunner::runner	INFO	Running command: "/usr/bin/firefox" "-marionette" "-headless" "-foreground" "-no-remote" "-profile" "/tmp/rust_mozprofile.i6W6l4y29tuT"
*** You are running in headless mode.
1560139328016	addons.webextension.screenshots@mozilla.org	WARN	Loading extension 'screenshots@mozilla.org': Reading manifest: Invalid extension permission: mozillaAddons
1560139328020	addons.webextension.screenshots@mozilla.org	WARN	Loading extension 'screenshots@mozilla.org': Reading manifest: Invalid extension permission: resource://pdf.js/
1560139328021	addons.webextension.screenshots@mozilla.org	WARN	Loading extension 'screenshots@mozilla.org': Reading manifest: Invalid extension permission: about:reader*
1560139334887	Marionette	INFO	Listening on port 34457
1560139334995	Marionette	WARN	TLS certificate errors will be ignored for this session
JavaScript warning: http://loterias.caixa.gov.br/InstitucionalTema/themes/static/js/jquery-1.9.1.min.js, line 2: Using //@ to indicate sourceMappingURL pragmas is deprecated. Use //# instead
JavaScript warning: http://loterias.caixa.gov.br/InstitucionalTema/themes/static/js/rybena-1.0.js, line 0: Successfully compiled asm.js code (total compilation time 392ms)
JavaScript warning: http://loterias.caixa.gov.br/InstitucionalTema/themes/static/js/rybenaDOMFull-1.5.js, line 242: Error: WebGL warning: <SetDimensions>: Can't use WebGL in headless mode (https://bugzil.la/1375585).
JavaScript warning: http://loterias.caixa.gov.br/InstitucionalTema/themes/static/js/rybenaDOMFull-1.5.js, line 242: Error: WebGL warning: <SetDimensions>: Failed to create WebGL context: WebGL creation failed: 
* Can't use WebGL in headless mode (https://bugzil.la/1375585).
JavaScript warning: http://loterias.caixa.gov.br/InstitucionalTema/themes/static/js/rybenaDOMFull-1.5.js, line 243: Error: WebGL warning: <SetDimensions>: Can't use WebGL in headless mode (https://bugzil.la/1375585).
JavaScript warning: http://loterias.caixa.gov.br/InstitucionalTema/themes/static/js/rybenaDOMFull-1.5.js, line 243: Error: WebGL warning: <SetDimensions>: Failed to create WebGL context: WebGL creation failed: 
* Can't use WebGL in headless mode (https://bugzil.la/1375585).
1560139345192	Marionette	INFO	Stopped listening on port 34457
1560140181224	mozrunner::runner	INFO	Running command: "/usr/bin/firefox" "-marionette" "-headless" "-foreground" "-no-remote" "-profile" "/tmp/rust_mozprofile.HQGnLHp6hyG1"
*** You are running in headless mode.
1560140183214	addons.webextension.screenshots@mozilla.org	WARN	Loading extension 'screenshots@mozilla.org': Reading manifest: Invalid extension permission: mozillaAddons
1560140183218	addons.webextension.screenshots@mozilla.org	WARN	Loading extension 'screenshots@mozilla.org': Reading manifest: Invalid extension permission: resource://pdf.js/
1560140183218	addons.webextension.screenshots@mozilla.org	WARN	Loading extension 'screenshots@mozilla.org': Reading manifest: Invalid extension permission: about:reader*
1560140190454	Marionette	INFO	Listening on port 44795
1560140190586	Marionette	WARN	TLS certificate errors will be ignored for this session
console.error: BroadcastService: 
  receivedBroadcastMessage: handler for
  remote-settings/monitor_changes
  threw error:
  Message: Error: Polling for changes failed: http://%(server)s/dummy/blocklist//buckets/monitor/collections/changes/records?_expected=%221559865839282%22 is not a valid URL..
  Stack:
    remoteSettingsFunction/remoteSettings.pollChanges@resource://services-settings/remote-settings.js:203:13

1560140362582	mozrunner::runner	INFO	Running command: "/usr/bin/firefox" "-marionette" "-headless" "-foreground" "-no-remote" "-profile" "/tmp/rust_mozprofile.Og88sbQH32PJ"
*** You are running in headless mode.
1560140364183	addons.webextension.screenshots@mozilla.org	WARN	Loading extension 'screenshots@mozilla.org': Reading manifest: Invalid extension permission: mozillaAddons
1560140364184	addons.webextension.screenshots@mozilla.org	WARN	Loading extension 'screenshots@mozilla.org': Reading manifest: Invalid extension permission: resource://pdf.js/
1560140364184	addons.webextension.screenshots@mozilla.org	WARN	Loading extension 'screenshots@mozilla.org': Reading manifest: Invalid extension permission: about:reader*
1560140371114	Marionette	INFO	Listening on port 33761
1560140371274	Marionette	WARN	TLS certificate errors will be ignored for this session
console.error: BroadcastService: 
  receivedBroadcastMessage: handler for
  remote-settings/monitor_changes
  threw error:
  Message: Error: Polling for changes failed: http://%(server)s/dummy/blocklist//buckets/monitor/collections/changes/records?_expected=%221559865839282%22 is not a valid URL..
  Stack:
    remoteSettingsFunction/remoteSettings.pollChanges@resource://services-settings/remote-settings.js:203:13

1560140389633	mozrunner::runner	INFO	Running command: "/usr/bin/firefox" "-marionette" "-headless" "-foreground" "-no-remote" "-profile" "/tmp/rust_mozprofile.ZcC3URYvU9ak"
*** You are running in headless mode.
1560140391379	addons.webextension.screenshots@mozilla.org	WARN	Loading extension 'screenshots@mozilla.org': Reading manifest: Invalid extension permission: mozillaAddons
1560140391380	addons.webextension.screenshots@mozilla.org	WARN	Loading extension 'screenshots@mozilla.org': Reading manifest: Invalid extension permission: resource://pdf.js/
1560140391381	addons.webextension.screenshots@mozilla.org	WARN	Loading extension 'screenshots@mozilla.org': Reading manifest: Invalid extension permission: about:reader*
1560140398098	Marionette	INFO	Listening on port 33397
1560140398221	Marionette	WARN	TLS certificate errors will be ignored for this session
JavaScript warning: http://loterias.caixa.gov.br/InstitucionalTema/themes/static/js/jquery-1.9.1.min.js, line 2: Using //@ to indicate sourceMappingURL pragmas is deprecated. Use //# instead
JavaScript warning: http://loterias.caixa.gov.br/InstitucionalTema/themes/static/js/rybena-1.0.js, line 0: Successfully compiled asm.js code (total compilation time 444ms)
JavaScript warning: http://loterias.caixa.gov.br/InstitucionalTema/themes/static/js/rybenaDOMFull-1.5.js, line 242: Error: WebGL warning: <SetDimensions>: Can't use WebGL in headless mode (https://bugzil.la/1375585).
JavaScript warning: http://loterias.caixa.gov.br/InstitucionalTema/themes/static/js/rybenaDOMFull-1.5.js, line 242: Error: WebGL warning: <SetDimensions>: Failed to create WebGL context: WebGL creation failed: 
* Can't use WebGL in headless mode (https://bugzil.la/1375585).
JavaScript warning: http://loterias.caixa.gov.br/InstitucionalTema/themes/static/js/rybenaDOMFull-1.5.js, line 243: Error: WebGL warning: <SetDimensions>: Can't use WebGL in headless mode (https://bugzil.la/1375585).
JavaScript warning: http://loterias.caixa.gov.br/InstitucionalTema/themes/static/js/rybenaDOMFull-1.5.js, line 243: Error: WebGL warning: <SetDimensions>: Failed to create WebGL context: WebGL creation failed: 
* Can't use WebGL in headless mode (https://bugzil.la/1375585).
1560140408896	Marionette	INFO	Stopped listening on port 33397
[Parent 30701, Gecko_IOThread] WARNING: pipe error (67): Connection reset by peer: file /build/firefox-AGcKNI/firefox-67.0+linuxmint2+tessa/ipc/chromium/src/chrome/common/ipc_channel_posix.cc, line 357
Exiting due to channel error.
Exiting due to channel error.
Exiting due to channel error.
Exiting due to channel error.
Exiting due to channel error.
Exiting due to channel error.
1560196814386	mozrunner::runner	INFO	Running command: "/usr/bin/firefox" "-marionette" "-headless" "-foreground" "-no-remote" "-profile" "/tmp/rust_mozprofile.UwCoNl7np01g"
*** You are running in headless mode.
1560196816694	addons.webextension.screenshots@mozilla.org	WARN	Loading extension 'screenshots@mozilla.org': Reading manifest: Invalid extension permission: mozillaAddons
1560196816695	addons.webextension.screenshots@mozilla.org	WARN	Loading extension 'screenshots@mozilla.org': Reading manifest: Invalid extension permission: resource://pdf.js/
1560196816695	addons.webextension.screenshots@mozilla.org	WARN	Loading extension 'screenshots@mozilla.org': Reading manifest: Invalid extension permission: about:reader*
1560196826815	Marionette	INFO	Listening on port 34583
1560196827160	Marionette	WARN	TLS certificate errors will be ignored for this session
JavaScript warning: http://loterias.caixa.gov.br/InstitucionalTema/themes/static/js/jquery-1.9.1.min.js, line 2: Using //@ to indicate sourceMappingURL pragmas is deprecated. Use //# instead
JavaScript warning: http://loterias.caixa.gov.br/InstitucionalTema/themes/static/js/rybena-1.0.js, line 0: Successfully compiled asm.js code (total compilation time 470ms)
JavaScript warning: http://loterias.caixa.gov.br/InstitucionalTema/themes/static/js/rybenaDOMFull-1.5.js, line 242: Error: WebGL warning: <SetDimensions>: Can't use WebGL in headless mode (https://bugzil.la/1375585).
JavaScript warning: http://loterias.caixa.gov.br/InstitucionalTema/themes/static/js/rybenaDOMFull-1.5.js, line 242: Error: WebGL warning: <SetDimensions>: Failed to create WebGL context: WebGL creation failed: 
* Can't use WebGL in headless mode (https://bugzil.la/1375585).
JavaScript warning: http://loterias.caixa.gov.br/InstitucionalTema/themes/static/js/rybenaDOMFull-1.5.js, line 243: Error: WebGL warning: <SetDimensions>: Can't use WebGL in headless mode (https://bugzil.la/1375585).
JavaScript warning: http://loterias.caixa.gov.br/InstitucionalTema/themes/static/js/rybenaDOMFull-1.5.js, line 243: Error: WebGL warning: <SetDimensions>: Failed to create WebGL context: WebGL creation failed: 
* Can't use WebGL in headless mode (https://bugzil.la/1375585).
1560196839810	Marionette	INFO	Stopped listening on port 34583
[Parent 22404, Gecko_IOThread] WARNING: pipe error (55): Connection reset by peer: file /build/firefox-AGcKNI/firefox-67.0+linuxmint2+tessa/ipc/chromium/src/chrome/common/ipc_channel_posix.cc, line 357
[Parent 22404, Gecko_IOThread] WARNING: pipe error (132): Connection reset by peer: file /build/firefox-AGcKNI/firefox-67.0+linuxmint2+tessa/ipc/chromium/src/chrome/common/ipc_channel_posix.cc, line 357
1560198258677	mozrunner::runner	INFO	Running command: "/usr/bin/firefox" "-marionette" "-headless" "-foreground" "-no-remote" "-profile" "/tmp/rust_mozprofile.010G38Ezymqw"
*** You are running in headless mode.
1560198260986	addons.webextension.screenshots@mozilla.org	WARN	Loading extension 'screenshots@mozilla.org': Reading manifest: Invalid extension permission: mozillaAddons
1560198260989	addons.webextension.screenshots@mozilla.org	WARN	Loading extension 'screenshots@mozilla.org': Reading manifest: Invalid extension permission: resource://pdf.js/
1560198260990	addons.webextension.screenshots@mozilla.org	WARN	Loading extension 'screenshots@mozilla.org': Reading manifest: Invalid extension permission: about:reader*
1560198268847	Marionette	INFO	Listening on port 36171
1560198268910	Marionette	WARN	TLS certificate errors will be ignored for this session
JavaScript warning: http://loterias.caixa.gov.br/InstitucionalTema/themes/static/js/jquery-1.9.1.min.js, line 2: Using //@ to indicate sourceMappingURL pragmas is deprecated. Use //# instead
JavaScript warning: http://loterias.caixa.gov.br/InstitucionalTema/themes/static/js/rybena-1.0.js, line 0: Successfully compiled asm.js code (total compilation time 463ms)
JavaScript warning: http://loterias.caixa.gov.br/InstitucionalTema/themes/static/js/rybenaDOMFull-1.5.js, line 242: Error: WebGL warning: <SetDimensions>: Can't use WebGL in headless mode (https://bugzil.la/1375585).
JavaScript warning: http://loterias.caixa.gov.br/InstitucionalTema/themes/static/js/rybenaDOMFull-1.5.js, line 242: Error: WebGL warning: <SetDimensions>: Failed to create WebGL context: WebGL creation failed: 
* Can't use WebGL in headless mode (https://bugzil.la/1375585).
JavaScript warning: http://loterias.caixa.gov.br/InstitucionalTema/themes/static/js/rybenaDOMFull-1.5.js, line 243: Error: WebGL warning: <SetDimensions>: Can't use WebGL in headless mode (https://bugzil.la/1375585).
JavaScript warning: http://loterias.caixa.gov.br/InstitucionalTema/themes/static/js/rybenaDOMFull-1.5.js, line 243: Error: WebGL warning: <SetDimensions>: Failed to create WebGL context: WebGL creation failed: 
* Can't use WebGL in headless mode (https://bugzil.la/1375585).
1560198278312	Marionette	INFO	Stopped listening on port 36171
[Parent 26589, Gecko_IOThread] WARNING: pipe error (65): Connection reset by peer: file /build/firefox-AGcKNI/firefox-67.0+linuxmint2+tessa/ipc/chromium/src/chrome/common/ipc_channel_posix.cc, line 357
1560202410986	mozrunner::runner	INFO	Running command: "/usr/bin/firefox" "-marionette" "-headless" "-foreground" "-no-remote" "-profile" "/tmp/rust_mozprofile.vtGEzDo1e0eX"
*** You are running in headless mode.
1560202414348	addons.webextension.screenshots@mozilla.org	WARN	Loading extension 'screenshots@mozilla.org': Reading manifest: Invalid extension permission: mozillaAddons
1560202414352	addons.webextension.screenshots@mozilla.org	WARN	Loading extension 'screenshots@mozilla.org': Reading manifest: Invalid extension permission: resource://pdf.js/
1560202414353	addons.webextension.screenshots@mozilla.org	WARN	Loading extension 'screenshots@mozilla.org': Reading manifest: Invalid extension permission: about:reader*
1560202422726	Marionette	INFO	Listening on port 37595
1560202422798	Marionette	WARN	TLS certificate errors will be ignored for this session
console.error: BroadcastService: 
  receivedBroadcastMessage: handler for
  remote-settings/monitor_changes
  threw error:
  Message: Error: Polling for changes failed: http://%(server)s/dummy/blocklist//buckets/monitor/collections/changes/records?_expected=%221560186355257%22 is not a valid URL..
  Stack:
    remoteSettingsFunction/remoteSettings.pollChanges@resource://services-settings/remote-settings.js:203:13

1560202445974	mozrunner::runner	INFO	Running command: "/usr/bin/firefox" "-marionette" "-headless" "-foreground" "-no-remote" "-profile" "/tmp/rust_mozprofile.DSflXUGKzrZm"
*** You are running in headless mode.
1560202447911	addons.webextension.screenshots@mozilla.org	WARN	Loading extension 'screenshots@mozilla.org': Reading manifest: Invalid extension permission: mozillaAddons
1560202447921	addons.webextension.screenshots@mozilla.org	WARN	Loading extension 'screenshots@mozilla.org': Reading manifest: Invalid extension permission: resource://pdf.js/
1560202447926	addons.webextension.screenshots@mozilla.org	WARN	Loading extension 'screenshots@mozilla.org': Reading manifest: Invalid extension permission: about:reader*
1560202458278	Marionette	INFO	Listening on port 43811
1560202458416	Marionette	WARN	TLS certificate errors will be ignored for this session
console.error: BroadcastService: 
  receivedBroadcastMessage: handler for
  remote-settings/monitor_changes
  threw error:
  Message: Error: Polling for changes failed: http://%(server)s/dummy/blocklist//buckets/monitor/collections/changes/records?_expected=%221560186355257%22 is not a valid URL..
  Stack:
    remoteSettingsFunction/remoteSettings.pollChanges@resource://services-settings/remote-settings.js:203:13

Exiting due to channel error.
[GFX1-]: Receive IPC close with reason=AbnormalShutdown
Exiting due to channel error.
[Child 7932, Chrome_ChildThread] WARNING: pipe error (3): Connection reset by peer: file /build/firefox-AGcKNI/firefox-67.0+linuxmint2+tessa/ipc/chromium/src/chrome/common/ipc_channel_posix.cc, line 357
Exiting due to channel error.
Exiting due to channel error.
Exiting due to channel error.
[GFX1-]: Receive IPC close with reason=AbnormalShutdown
[Child 7574, Chrome_ChildThread] WARNING: pipe error (3): Connection reset by peer: file /build/firefox-AGcKNI/firefox-67.0+linuxmint2+tessa/ipc/chromium/src/chrome/common/ipc_channel_posix.cc, line 357
Exiting due to channel error.
